[0.007s] Invoking command in '/home/harsh/Desktop/Dheeraj Project1/Dheeraj Project/elderly-robot-head/modules/build/social_nav': CMAKE_PREFIX_PATH=/opt/ros/humble /usr/bin/cmake /home/harsh/Desktop/Dheeraj Project1/Dheeraj Project/elderly-robot-head/modules/module15_dwa_navigation/src/social_nav -DAMENT_CMAKE_SYMLINK_INSTALL=1 -DCMAKE_INSTALL_PREFIX=/home/harsh/Desktop/Dheeraj Project1/Dheeraj Project/elderly-robot-head/modules/install/social_nav
[0.125s] -- The C compiler identification is GNU 11.4.0
[0.219s] -- The CXX compiler identification is GNU 11.4.0
[0.230s] -- Detecting C compiler ABI info
[0.311s] -- Detecting C compiler ABI info - done
[0.318s] -- Check for working C compiler: /usr/bin/cc - skipped
[0.319s] -- Detecting C compile features
[0.320s] -- Detecting C compile features - done
[0.323s] -- Detecting CXX compiler ABI info
[0.422s] -- Detecting CXX compiler ABI info - done
[0.427s] -- Check for working CXX compiler: /usr/bin/c++ - skipped
[0.427s] -- Detecting CXX compile features
[0.427s] -- Detecting CXX compile features - done
[0.431s] -- Found ament_cmake: 1.3.14 (/opt/ros/humble/share/ament_cmake/cmake)
[0.569s] -- Found Python3: /usr/bin/python3 (found version "3.10.12") found components: Interpreter 
[0.624s] -- Override CMake install command with custom implementation using symlinks instead of copying resources
[0.693s] -- Configuring done
[0.695s] -- Generating done
[0.696s] -- Build files have been written to: /home/harsh/Desktop/Dheeraj Project1/Dheeraj Project/elderly-robot-head/modules/build/social_nav
[0.700s] Invoked command in '/home/harsh/Desktop/Dheeraj Project1/Dheeraj Project/elderly-robot-head/modules/build/social_nav' returned '0': CMAKE_PREFIX_PATH=/opt/ros/humble /usr/bin/cmake /home/harsh/Desktop/Dheeraj Project1/Dheeraj Project/elderly-robot-head/modules/module15_dwa_navigation/src/social_nav -DAMENT_CMAKE_SYMLINK_INSTALL=1 -DCMAKE_INSTALL_PREFIX=/home/harsh/Desktop/Dheeraj Project1/Dheeraj Project/elderly-robot-head/modules/install/social_nav
[0.700s] Invoking command in '/home/harsh/Desktop/Dheeraj Project1/Dheeraj Project/elderly-robot-head/modules/build/social_nav': CMAKE_PREFIX_PATH=/opt/ros/humble /usr/bin/cmake --build /home/harsh/Desktop/Dheeraj Project1/Dheeraj Project/elderly-robot-head/modules/build/social_nav -- -j12 -l12
[0.743s] Invoked command in '/home/harsh/Desktop/Dheeraj Project1/Dheeraj Project/elderly-robot-head/modules/build/social_nav' returned '0': CMAKE_PREFIX_PATH=/opt/ros/humble /usr/bin/cmake --build /home/harsh/Desktop/Dheeraj Project1/Dheeraj Project/elderly-robot-head/modules/build/social_nav -- -j12 -l12
[0.754s] Invoking command in '/home/harsh/Desktop/Dheeraj Project1/Dheeraj Project/elderly-robot-head/modules/build/social_nav': CMAKE_PREFIX_PATH=/opt/ros/humble /usr/bin/cmake --install /home/harsh/Desktop/Dheeraj Project1/Dheeraj Project/elderly-robot-head/modules/build/social_nav
[0.761s] -- Install configuration: ""
[0.762s] -- Execute custom install script
[0.762s] -- Symlinking: /home/harsh/Desktop/Dheeraj Project1/Dheeraj Project/elderly-robot-head/modules/install/social_nav/lib/social_nav/human_tracker_node.py
[0.774s] -- Symlinking: /home/harsh/Desktop/Dheeraj Project1/Dheeraj Project/elderly-robot-head/modules/install/social_nav/lib/social_nav/social_costmap_node.py
[0.784s] -- Symlinking: /home/harsh/Desktop/Dheeraj Project1/Dheeraj Project/elderly-robot-head/modules/install/social_nav/lib/social_nav/social_override_node.py
[0.797s] -- Symlinking: /home/harsh/Desktop/Dheeraj Project1/Dheeraj Project/elderly-robot-head/modules/install/social_nav/share/social_nav/launch/social_nav.launch.py
[0.809s] -- Symlinking: /home/harsh/Desktop/Dheeraj Project1/Dheeraj Project/elderly-robot-head/modules/install/social_nav/share/social_nav/config/nav2_params.yaml
[0.820s] -- Symlinking: /home/harsh/Desktop/Dheeraj Project1/Dheeraj Project/elderly-robot-head/modules/install/social_nav/share/social_nav/worlds/social_world.world
[0.830s] -- Symlinking: /home/harsh/Desktop/Dheeraj Project1/Dheeraj Project/elderly-robot-head/modules/install/social_nav/share/social_nav/maps/map.pgm
[0.840s] -- Symlinking: /home/harsh/Desktop/Dheeraj Project1/Dheeraj Project/elderly-robot-head/modules/install/social_nav/share/social_nav/maps/map.yaml
[0.851s] -- Symlinking: /home/harsh/Desktop/Dheeraj Project1/Dheeraj Project/elderly-robot-head/modules/install/social_nav/share/social_nav/rviz/social_nav.rviz
[0.863s] -- Symlinking: /home/harsh/Desktop/Dheeraj Project1/Dheeraj Project/elderly-robot-head/modules/install/social_nav/share/ament_index/resource_index/package_run_dependencies/social_nav
[0.874s] -- Symlinking: /home/harsh/Desktop/Dheeraj Project1/Dheeraj Project/elderly-robot-head/modules/install/social_nav/share/ament_index/resource_index/parent_prefix_path/social_nav
[0.881s] -- Symlinking: /home/harsh/Desktop/Dheeraj Project1/Dheeraj Project/elderly-robot-head/modules/install/social_nav/share/social_nav/environment/ament_prefix_path.sh
[0.891s] -- Symlinking: /home/harsh/Desktop/Dheeraj Project1/Dheeraj Project/elderly-robot-head/modules/install/social_nav/share/social_nav/environment/ament_prefix_path.dsv
[0.900s] -- Symlinking: /home/harsh/Desktop/Dheeraj Project1/Dheeraj Project/elderly-robot-head/modules/install/social_nav/share/social_nav/environment/path.sh
[0.909s] -- Symlinking: /home/harsh/Desktop/Dheeraj Project1/Dheeraj Project/elderly-robot-head/modules/install/social_nav/share/social_nav/environment/path.dsv
[0.917s] -- Symlinking: /home/harsh/Desktop/Dheeraj Project1/Dheeraj Project/elderly-robot-head/modules/install/social_nav/share/social_nav/local_setup.bash
[0.927s] -- Symlinking: /home/harsh/Desktop/Dheeraj Project1/Dheeraj Project/elderly-robot-head/modules/install/social_nav/share/social_nav/local_setup.sh
[0.935s] -- Symlinking: /home/harsh/Desktop/Dheeraj Project1/Dheeraj Project/elderly-robot-head/modules/install/social_nav/share/social_nav/local_setup.zsh
[0.945s] -- Symlinking: /home/harsh/Desktop/Dheeraj Project1/Dheeraj Project/elderly-robot-head/modules/install/social_nav/share/social_nav/local_setup.dsv
[0.957s] -- Symlinking: /home/harsh/Desktop/Dheeraj Project1/Dheeraj Project/elderly-robot-head/modules/install/social_nav/share/social_nav/package.dsv
[0.968s] -- Symlinking: /home/harsh/Desktop/Dheeraj Project1/Dheeraj Project/elderly-robot-head/modules/install/social_nav/share/ament_index/resource_index/packages/social_nav
[0.979s] -- Symlinking: /home/harsh/Desktop/Dheeraj Project1/Dheeraj Project/elderly-robot-head/modules/install/social_nav/share/social_nav/cmake/social_navConfig.cmake
[0.991s] -- Symlinking: /home/harsh/Desktop/Dheeraj Project1/Dheeraj Project/elderly-robot-head/modules/install/social_nav/share/social_nav/cmake/social_navConfig-version.cmake
[1.001s] -- Symlinking: /home/harsh/Desktop/Dheeraj Project1/Dheeraj Project/elderly-robot-head/modules/install/social_nav/share/social_nav/package.xml
[1.014s] Invoked command in '/home/harsh/Desktop/Dheeraj Project1/Dheeraj Project/elderly-robot-head/modules/build/social_nav' returned '0': CMAKE_PREFIX_PATH=/opt/ros/humble /usr/bin/cmake --install /home/harsh/Desktop/Dheeraj Project1/Dheeraj Project/elderly-robot-head/modules/build/social_nav
