[0.009s] Invoking command in '/home/harsh/Desktop/Dheeraj Project1/Dheeraj Project/elderly-robot-head/modules/module15_dwa_navigation/build/social_nav': CMAKE_PREFIX_PATH=${CMAKE_PREFIX_PATH}:/opt/ros/humble /usr/bin/cmake /home/harsh/Desktop/Dheeraj Project1/Dheeraj Project/elderly-robot-head/modules/module15_dwa_navigation/src/social_nav -DAMENT_CMAKE_SYMLINK_INSTALL=1 -DCMAKE_INSTALL_PREFIX=/home/harsh/Desktop/Dheeraj Project1/Dheeraj Project/elderly-robot-head/modules/module15_dwa_navigation/install/social_nav
[0.076s] -- The C compiler identification is GNU 11.4.0
[0.127s] -- The CXX compiler identification is GNU 11.4.0
[0.133s] -- Detecting C compiler ABI info
[0.197s] -- Detecting C compiler ABI info - done
[0.205s] -- Check for working C compiler: /usr/bin/cc - skipped
[0.205s] -- Detecting C compile features
[0.205s] -- Detecting C compile features - done
[0.209s] -- Detecting CXX compiler ABI info
[0.282s] -- Detecting CXX compiler ABI info - done
[0.287s] -- Check for working CXX compiler: /usr/bin/c++ - skipped
[0.287s] -- Detecting CXX compile features
[0.287s] -- Detecting CXX compile features - done
[0.290s] -- Found ament_cmake: 1.3.14 (/opt/ros/humble/share/ament_cmake/cmake)
[0.395s] -- Found Python3: /usr/bin/python3 (found version "3.10.12") found components: Interpreter 
[0.450s] -- Override CMake install command with custom implementation using symlinks instead of copying resources
[0.519s] -- Configuring done
[0.520s] -- Generating done
[0.521s] -- Build files have been written to: /home/harsh/Desktop/Dheeraj Project1/Dheeraj Project/elderly-robot-head/modules/module15_dwa_navigation/build/social_nav
[0.525s] Invoked command in '/home/harsh/Desktop/Dheeraj Project1/Dheeraj Project/elderly-robot-head/modules/module15_dwa_navigation/build/social_nav' returned '0': CMAKE_PREFIX_PATH=${CMAKE_PREFIX_PATH}:/opt/ros/humble /usr/bin/cmake /home/harsh/Desktop/Dheeraj Project1/Dheeraj Project/elderly-robot-head/modules/module15_dwa_navigation/src/social_nav -DAMENT_CMAKE_SYMLINK_INSTALL=1 -DCMAKE_INSTALL_PREFIX=/home/harsh/Desktop/Dheeraj Project1/Dheeraj Project/elderly-robot-head/modules/module15_dwa_navigation/install/social_nav
[0.525s] Invoking command in '/home/harsh/Desktop/Dheeraj Project1/Dheeraj Project/elderly-robot-head/modules/module15_dwa_navigation/build/social_nav': CMAKE_PREFIX_PATH=${CMAKE_PREFIX_PATH}:/opt/ros/humble /usr/bin/cmake --build /home/harsh/Desktop/Dheeraj Project1/Dheeraj Project/elderly-robot-head/modules/module15_dwa_navigation/build/social_nav -- -j12 -l12
[0.562s] Invoked command in '/home/harsh/Desktop/Dheeraj Project1/Dheeraj Project/elderly-robot-head/modules/module15_dwa_navigation/build/social_nav' returned '0': CMAKE_PREFIX_PATH=${CMAKE_PREFIX_PATH}:/opt/ros/humble /usr/bin/cmake --build /home/harsh/Desktop/Dheeraj Project1/Dheeraj Project/elderly-robot-head/modules/module15_dwa_navigation/build/social_nav -- -j12 -l12
[0.572s] Invoking command in '/home/harsh/Desktop/Dheeraj Project1/Dheeraj Project/elderly-robot-head/modules/module15_dwa_navigation/build/social_nav': CMAKE_PREFIX_PATH=${CMAKE_PREFIX_PATH}:/opt/ros/humble /usr/bin/cmake --install /home/harsh/Desktop/Dheeraj Project1/Dheeraj Project/elderly-robot-head/modules/module15_dwa_navigation/build/social_nav
[0.578s] -- Install configuration: ""
[0.578s] -- Execute custom install script
[0.578s] -- Symlinking: /home/harsh/Desktop/Dheeraj Project1/Dheeraj Project/elderly-robot-head/modules/module15_dwa_navigation/install/social_nav/lib/social_nav/human_tracker_node.py
[0.584s] -- Symlinking: /home/harsh/Desktop/Dheeraj Project1/Dheeraj Project/elderly-robot-head/modules/module15_dwa_navigation/install/social_nav/lib/social_nav/social_costmap_node.py
[0.592s] -- Symlinking: /home/harsh/Desktop/Dheeraj Project1/Dheeraj Project/elderly-robot-head/modules/module15_dwa_navigation/install/social_nav/lib/social_nav/social_override_node.py
[0.599s] -- Symlinking: /home/harsh/Desktop/Dheeraj Project1/Dheeraj Project/elderly-robot-head/modules/module15_dwa_navigation/install/social_nav/share/social_nav/launch/social_nav.launch.py
[0.608s] -- Symlinking: /home/harsh/Desktop/Dheeraj Project1/Dheeraj Project/elderly-robot-head/modules/module15_dwa_navigation/install/social_nav/share/social_nav/config/nav2_params.yaml
[0.618s] -- Symlinking: /home/harsh/Desktop/Dheeraj Project1/Dheeraj Project/elderly-robot-head/modules/module15_dwa_navigation/install/social_nav/share/social_nav/worlds/social_world.world
[0.627s] -- Symlinking: /home/harsh/Desktop/Dheeraj Project1/Dheeraj Project/elderly-robot-head/modules/module15_dwa_navigation/install/social_nav/share/social_nav/worlds/walk.dae
[0.634s] -- Symlinking: /home/harsh/Desktop/Dheeraj Project1/Dheeraj Project/elderly-robot-head/modules/module15_dwa_navigation/install/social_nav/share/social_nav/maps/map.pgm
[0.641s] -- Symlinking: /home/harsh/Desktop/Dheeraj Project1/Dheeraj Project/elderly-robot-head/modules/module15_dwa_navigation/install/social_nav/share/social_nav/maps/map.yaml
[0.649s] -- Symlinking: /home/harsh/Desktop/Dheeraj Project1/Dheeraj Project/elderly-robot-head/modules/module15_dwa_navigation/install/social_nav/share/social_nav/rviz/social_nav.rviz
[0.660s] -- Symlinking: /home/harsh/Desktop/Dheeraj Project1/Dheeraj Project/elderly-robot-head/modules/module15_dwa_navigation/install/social_nav/share/ament_index/resource_index/package_run_dependencies/social_nav
[0.669s] -- Symlinking: /home/harsh/Desktop/Dheeraj Project1/Dheeraj Project/elderly-robot-head/modules/module15_dwa_navigation/install/social_nav/share/ament_index/resource_index/parent_prefix_path/social_nav
[0.678s] -- Symlinking: /home/harsh/Desktop/Dheeraj Project1/Dheeraj Project/elderly-robot-head/modules/module15_dwa_navigation/install/social_nav/share/social_nav/environment/ament_prefix_path.sh
[0.688s] -- Symlinking: /home/harsh/Desktop/Dheeraj Project1/Dheeraj Project/elderly-robot-head/modules/module15_dwa_navigation/install/social_nav/share/social_nav/environment/ament_prefix_path.dsv
[0.695s] -- Symlinking: /home/harsh/Desktop/Dheeraj Project1/Dheeraj Project/elderly-robot-head/modules/module15_dwa_navigation/install/social_nav/share/social_nav/environment/path.sh
[0.702s] -- Symlinking: /home/harsh/Desktop/Dheeraj Project1/Dheeraj Project/elderly-robot-head/modules/module15_dwa_navigation/install/social_nav/share/social_nav/environment/path.dsv
[0.710s] -- Symlinking: /home/harsh/Desktop/Dheeraj Project1/Dheeraj Project/elderly-robot-head/modules/module15_dwa_navigation/install/social_nav/share/social_nav/local_setup.bash
[0.717s] -- Symlinking: /home/harsh/Desktop/Dheeraj Project1/Dheeraj Project/elderly-robot-head/modules/module15_dwa_navigation/install/social_nav/share/social_nav/local_setup.sh
[0.727s] -- Symlinking: /home/harsh/Desktop/Dheeraj Project1/Dheeraj Project/elderly-robot-head/modules/module15_dwa_navigation/install/social_nav/share/social_nav/local_setup.zsh
[0.736s] -- Symlinking: /home/harsh/Desktop/Dheeraj Project1/Dheeraj Project/elderly-robot-head/modules/module15_dwa_navigation/install/social_nav/share/social_nav/local_setup.dsv
[0.746s] -- Symlinking: /home/harsh/Desktop/Dheeraj Project1/Dheeraj Project/elderly-robot-head/modules/module15_dwa_navigation/install/social_nav/share/social_nav/package.dsv
[0.754s] -- Symlinking: /home/harsh/Desktop/Dheeraj Project1/Dheeraj Project/elderly-robot-head/modules/module15_dwa_navigation/install/social_nav/share/ament_index/resource_index/packages/social_nav
[0.764s] -- Symlinking: /home/harsh/Desktop/Dheeraj Project1/Dheeraj Project/elderly-robot-head/modules/module15_dwa_navigation/install/social_nav/share/social_nav/cmake/social_navConfig.cmake
[0.774s] -- Symlinking: /home/harsh/Desktop/Dheeraj Project1/Dheeraj Project/elderly-robot-head/modules/module15_dwa_navigation/install/social_nav/share/social_nav/cmake/social_navConfig-version.cmake
[0.783s] -- Symlinking: /home/harsh/Desktop/Dheeraj Project1/Dheeraj Project/elderly-robot-head/modules/module15_dwa_navigation/install/social_nav/share/social_nav/package.xml
[0.793s] Invoked command in '/home/harsh/Desktop/Dheeraj Project1/Dheeraj Project/elderly-robot-head/modules/module15_dwa_navigation/build/social_nav' returned '0': CMAKE_PREFIX_PATH=${CMAKE_PREFIX_PATH}:/opt/ros/humble /usr/bin/cmake --install /home/harsh/Desktop/Dheeraj Project1/Dheeraj Project/elderly-robot-head/modules/module15_dwa_navigation/build/social_nav
